<?xml version="1.0" encoding="UTF-8"?>
<testsuite xmlns:xsi="http://www.w3.org/2001/XMLSchema-instance" xsi:noNamespaceSchemaLocation="https://maven.apache.org/surefire/maven-surefire-plugin/xsd/surefire-test-report-3.0.xsd" version="3.0" name="com.skillstorm.RunCucumberTest" time="7.342" tests="4" errors="0" skipped="0" failures="0">
  <properties>
[...]
</properties>
  <testcase name="Check if the board game table is displayed in the board game page" classname="Display the board game table in the board game page" time="1.369">
    <system-out><![CDATA[
@BoardGamePageTests
Scenario: Check if the board game table is displayed in the board game page &amp#27;[90m# com/skillstorm/boardgames.feature:7&amp#27;[0m
this is running
  &amp#27;[32mGiven &amp#27;[0m&amp#27;[32mI am on the board game page&amp#27;[0m                                         &amp#27;[90m# com.skillstorm.BoardGamePageTests.iAmOnTheBoardGamePage()&amp#27;[0m
  &amp#27;[32mWhen &amp#27;[0m&amp#27;[32mthe page is fully loaded&amp#27;[0m                                             &amp#27;[90m# com.skillstorm.BoardGamePageTests.thePageIsFullyLoaded()&amp#27;[0m
  &amp#27;[32mThen &amp#27;[0m&amp#27;[32mI should see a table with board games&amp#27;[0m                                &amp#27;[90m# com.skillstorm.BoardGamePageTests.iShouldSeeATableWithBoardGames()&amp#27;[0m
]]></system-out>
    <system-err><![CDATA[Aug 23, 2024 2:12:23 PM org.openqa.selenium.devtools.CdpVersionFinder findNearestMatch
WARNING: Unable to find an exact match for CDP version 128, returning the closest version; found: 127; Please update to a Selenium version that supports CDP version 128
]]></system-err>
  </testcase>
  <testcase name="Add a new board game" classname="Display the board game table in the board game page" time="1.856">
    <system-out><![CDATA[
@BoardGamePageTests
Scenario: Add a new board game                                  &amp#27;[90m# com/skillstorm/boardgames.feature:12&amp#27;[0m
this is running
  &amp#27;[32mGiven &amp#27;[0m&amp#27;[32mI am on the board game page&amp#27;[0m                             &amp#27;[90m# com.skillstorm.BoardGamePageTests.iAmOnTheBoardGamePage()&amp#27;[0m
  &amp#27;[32mWhen &amp#27;[0m&amp#27;[32mI press the &amp#27;[0m&amp#27;[32m&amp#27;[1m"Add Board Game"&amp#27;[0m&amp#27;[32m button&amp#27;[0m                      &amp#27;[90m# com.skillstorm.BoardGamePageTests.iPressTheButton(java.lang.String)&amp#27;[0m
  &amp#27;[32mAnd &amp#27;[0m&amp#27;[32mI enter &amp#27;[0m&amp#27;[32m&amp#27;[1m"Catan"&amp#27;[0m&amp#27;[32m in the &amp#27;[0m&amp#27;[32m&amp#27;[1m"Name"&amp#27;[0m&amp#27;[32m field&amp#27;[0m                       &amp#27;[90m# com.skillstorm.BoardGamePageTests.iEnterInTheField(java.lang.String,java.lang.String)&amp#27;[0m
  &amp#27;[32mAnd &amp#27;[0m&amp#27;[32mI enter &amp#27;[0m&amp#27;[32m&amp#27;[1m"Mayfair Games"&amp#27;[0m&amp#27;[32m in the &amp#27;[0m&amp#27;[32m&amp#27;[1m"Publisher"&amp#27;[0m&amp#27;[32m field&amp#27;[0m          &amp#27;[90m# com.skillstorm.BoardGamePageTests.iEnterInTheField(java.lang.String,java.lang.String)&amp#27;[0m
  &amp#27;[32mAnd &amp#27;[0m&amp#27;[32mI enter &amp#27;[0m&amp#27;[32m&amp#27;[1m"10"&amp#27;[0m&amp#27;[32m in the &amp#27;[0m&amp#27;[32m&amp#27;[1m"Reorder Quantity"&amp#27;[0m&amp#27;[32m field&amp#27;[0m              &amp#27;[90m# com.skillstorm.BoardGamePageTests.iEnterInTheField(java.lang.String,java.lang.String)&amp#27;[0m
  &amp#27;[32mAnd &amp#27;[0m&amp#27;[32mI press the &amp#27;[0m&amp#27;[32m&amp#27;[1m"Create"&amp#27;[0m&amp#27;[32m button to submit the form&amp#27;[0m            &amp#27;[90m# com.skillstorm.BoardGamePageTests.iPressTheButtonToSubmitTheForm(java.lang.String)&amp#27;[0m
  &amp#27;[32mThen &amp#27;[0m&amp#27;[32mI should see a board game with name &amp#27;[0m&amp#27;[32m&amp#27;[1m"Catan"&amp#27;[0m&amp#27;[32m in the table&amp#27;[0m &amp#27;[90m# com.skillstorm.BoardGamePageTests.iShouldSeeABoardGameWithNameInTheTable(java.lang.String)&amp#27;[0m
]]></system-out>
    <system-err><![CDATA[Aug 23, 2024 2:12:24 PM org.openqa.selenium.devtools.CdpVersionFinder findNearestMatch
WARNING: Unable to find an exact match for CDP version 128, returning the closest version; found: 127; Please update to a Selenium version that supports CDP version 128
]]></system-err>
  </testcase>
  <testcase name="Edit a board game" classname="Display the board game table in the board game page" time="2.353">
    <system-out><![CDATA[
@BoardGamePageTests
Scenario: Edit a board game                                        &amp#27;[90m# com/skillstorm/boardgames.feature:21&amp#27;[0m
this is running
  &amp#27;[32mGiven &amp#27;[0m&amp#27;[32mI am on the board game page&amp#27;[0m                                &amp#27;[90m# com.skillstorm.BoardGamePageTests.iAmOnTheBoardGamePage()&amp#27;[0m
  &amp#27;[32mWhen &amp#27;[0m&amp#27;[32mI press the &amp#27;[0m&amp#27;[32m&amp#27;[1m"Edit"&amp#27;[0m&amp#27;[32m button on the game named &amp#27;[0m&amp#27;[32m&amp#27;[1m"Catan"&amp#27;[0m         &amp#27;[90m# com.skillstorm.BoardGamePageTests.iPressTheButtonOnTheGameNamed(java.lang.String,java.lang.String)&amp#27;[0m
  &amp#27;[32mAnd &amp#27;[0m&amp#27;[32mI enter &amp#27;[0m&amp#27;[32m&amp#27;[1m"Wingspan"&amp#27;[0m&amp#27;[32m in the &amp#27;[0m&amp#27;[32m&amp#27;[1m"Name"&amp#27;[0m&amp#27;[32m field&amp#27;[0m                       &amp#27;[90m# com.skillstorm.BoardGamePageTests.iEnterInTheField(java.lang.String,java.lang.String)&amp#27;[0m
  &amp#27;[32mAnd &amp#27;[0m&amp#27;[32mI enter &amp#27;[0m&amp#27;[32m&amp#27;[1m"Stonemaier Games"&amp#27;[0m&amp#27;[32m in the &amp#27;[0m&amp#27;[32m&amp#27;[1m"Publisher"&amp#27;[0m&amp#27;[32m field&amp#27;[0m          &amp#27;[90m# com.skillstorm.BoardGamePageTests.iEnterInTheField(java.lang.String,java.lang.String)&amp#27;[0m
  &amp#27;[32mAnd &amp#27;[0m&amp#27;[32mI enter &amp#27;[0m&amp#27;[32m&amp#27;[1m"20"&amp#27;[0m&amp#27;[32m in the &amp#27;[0m&amp#27;[32m&amp#27;[1m"Reorder Quantity"&amp#27;[0m&amp#27;[32m field&amp#27;[0m                 &amp#27;[90m# com.skillstorm.BoardGamePageTests.iEnterInTheField(java.lang.String,java.lang.String)&amp#27;[0m
  &amp#27;[32mAnd &amp#27;[0m&amp#27;[32mI press the &amp#27;[0m&amp#27;[32m&amp#27;[1m"Update"&amp#27;[0m&amp#27;[32m button to submit the form&amp#27;[0m               &amp#27;[90m# com.skillstorm.BoardGamePageTests.iPressTheButtonToSubmitTheForm(java.lang.String)&amp#27;[0m
  &amp#27;[32mThen &amp#27;[0m&amp#27;[32mI should see a board game with name &amp#27;[0m&amp#27;[32m&amp#27;[1m"Wingspan"&amp#27;[0m&amp#27;[32m in the table&amp#27;[0m &amp#27;[90m# com.skillstorm.BoardGamePageTests.iShouldSeeABoardGameWithNameInTheTable(java.lang.String)&amp#27;[0m
  &amp#27;[32mAnd &amp#27;[0m&amp#27;[32mThe board game &amp#27;[0m&amp#27;[32m&amp#27;[1m"Catan"&amp#27;[0m&amp#27;[32m should not be in the table&amp#27;[0m            &amp#27;[90m# com.skillstorm.BoardGamePageTests.theBoardGameShouldNotBeInTheTable(java.lang.String)&amp#27;[0m
]]></system-out>
    <system-err><![CDATA[Aug 23, 2024 2:12:26 PM org.openqa.selenium.devtools.CdpVersionFinder findNearestMatch
WARNING: Unable to find an exact match for CDP version 128, returning the closest version; found: 127; Please update to a Selenium version that supports CDP version 128
]]></system-err>
  </testcase>
  <testcase name="Delete a board game" classname="Display the board game table in the board game page" time="1.655">
    <system-out><![CDATA[
@BoardGamePageTests
Scenario: Delete a board game                                   &amp#27;[90m# com/skillstorm/boardgames.feature:31&amp#27;[0m
this is running
  &amp#27;[32mGiven &amp#27;[0m&amp#27;[32mI am on the board game page&amp#27;[0m                             &amp#27;[90m# com.skillstorm.BoardGamePageTests.iAmOnTheBoardGamePage()&amp#27;[0m
  &amp#27;[32mWhen &amp#27;[0m&amp#27;[32mI press the &amp#27;[0m&amp#27;[32m&amp#27;[1m"Delete"&amp#27;[0m&amp#27;[32m button on the game named &amp#27;[0m&amp#27;[32m&amp#27;[1m"Wingspan"&amp#27;[0m &amp#27;[90m# com.skillstorm.BoardGamePageTests.iPressTheButtonOnTheGameNamed(java.lang.String,java.lang.String)&amp#27;[0m
  &amp#27;[32mAnd &amp#27;[0m&amp#27;[32mI press &amp#27;[0m&amp#27;[32m&amp#27;[1m"OK"&amp#27;[0m&amp#27;[32m on the popup&amp#27;[0m                                 &amp#27;[90m# com.skillstorm.BoardGamePageTests.iPressOnThePopup(java.lang.String)&amp#27;[0m
  &amp#27;[32mThen &amp#27;[0m&amp#27;[32mThe board game &amp#27;[0m&amp#27;[32m&amp#27;[1m"Wingspan"&amp#27;[0m&amp#27;[32m should not be in the table&amp#27;[0m     &amp#27;[90m# com.skillstorm.BoardGamePageTests.theBoardGameShouldNotBeInTheTable(java.lang.String)&amp#27;[0m
]]></system-out>
    <system-err><![CDATA[Aug 23, 2024 2:12:28 PM org.openqa.selenium.devtools.CdpVersionFinder findNearestMatch
WARNING: Unable to find an exact match for CDP version 128, returning the closest version; found: 127; Please update to a Selenium version that supports CDP version 128
]]></system-err>
  </testcase>
</testsuite>